

-- IN AND EXISTS
[46, 23:07:04] Select *
FROM high_smoke_quit_help
Where (country_name, year) IN
(SELECT country_name,year
FROM low_death_rate_smoking)
LIMIT 0, 1000
: Fetching...
[46, 23:07:04] Select *
FROM high_smoke_quit_help
Where (country_name, year) IN
(SELECT country_name,year
FROM low_death_rate_smoking)
LIMIT 0, 1000
: 508 row(s) returned
[47, 23:08:10] Select * 
From high_smoke_quit_help q
Where EXISTS(
Select country_name, year
From death_rate_smoking d
where q.country_name = d.country_name
and q.year = d.year
)
LIMIT 0, 1000
: Running...
[47, 23:08:10] Select * 
From high_smoke_quit_help q
Where EXISTS(
Select country_name, year
From death_rate_smoking d
where q.country_name = d.country_name
and q.year = d.year
)
LIMIT 0, 1000
: Error Code: 1054. Unknown column 'd.country_name' in 'where clause'
[48, 23:09:12] SELECT *
FROM high_smoke_quit_help q
WHERE EXISTS (
  SELECT country_name, year
  FROM death_rate_smoking d
  WHERE q.country_name = d.country_name
  AND q.year = d.year
)
LIMIT 0, 1000
: Running...
[48, 23:09:12] SELECT *
FROM high_smoke_quit_help q
WHERE EXISTS (
  SELECT country_name, year
  FROM death_rate_smoking d
  WHERE q.country_name = d.country_name
  AND q.year = d.year
)
LIMIT 0, 1000
: Error Code: 1054. Unknown column 'd.country_name' in 'where clause'
[49, 23:10:09] SELECT *
FROM high_smoke_quit_help q
WHERE EXISTS (
  SELECT country_name, year
  FROM low_death_rate_smoking d
  WHERE q.country_name = d.country_name
  AND q.year = d.year
)
LIMIT 0, 1000
: Running...
[49, 23:10:10] SELECT *
FROM high_smoke_quit_help q
WHERE EXISTS (
  SELECT country_name, year
  FROM low_death_rate_smoking d
  WHERE q.country_name = d.country_name
  AND q.year = d.year
)
LIMIT 0, 1000
: Fetching...
[49, 23:10:11] SELECT *
FROM high_smoke_quit_help q
WHERE EXISTS (
  SELECT country_name, year
  FROM low_death_rate_smoking d
  WHERE q.country_name = d.country_name
  AND q.year = d.year
)
LIMIT 0, 1000
: 508 row(s) returned


-- CONSTRAINTS AND TRIGGERS

[1, 13:38:52] SELECT MIN(help_indicator) AS min_indicator, Max(help_indicator) AS max_indicator
FROM smoking_quit_help
LIMIT 0, 1000
: 1 row(s) returned
[2, 13:40:17] ALTER TABLE smoking_quit_help
ADD Constraint help_indicator_checker CHECK (help_indicator >=1 and help_indicator<=5): Running...
[2, 13:40:17] ALTER TABLE smoking_quit_help
ADD Constraint help_indicator_checker CHECK (help_indicator >=1 and help_indicator<=5): 0 row(s) affected
Records: 0  Duplicates: 0  Warnings: 0
[3, 13:41:00] INSERT INTO smoking_quit_help(iso_code, year, help_indicator)
VALUES ('WWW', 2023, 120): Running...
[3, 13:41:00] INSERT INTO smoking_quit_help(iso_code, year, help_indicator)
VALUES ('WWW', 2023, 120): 1 row(s) affected
[4, 13:41:09] ALTER TABLE smoking_quit_help
ADD Constraint help_indicator_checker CHECK (help_indicator >=1 and help_indicator<=5): Running...
[4, 13:41:09] ALTER TABLE smoking_quit_help
ADD Constraint help_indicator_checker CHECK (help_indicator >=1 and help_indicator<=5): 0 row(s) affected
Records: 0  Duplicates: 0  Warnings: 0
[5, 13:41:23] SELECT * FROM sies.smoking_quit_help
LIMIT 0, 1000
: Running...
[5, 13:41:23] SELECT * FROM sies.smoking_quit_help
LIMIT 0, 1000
: Fetching...
[5, 13:41:23] SELECT * FROM sies.smoking_quit_help
LIMIT 0, 1000
: 1000 row(s) returned
[6, 13:41:52] SELECT MIN(help_indicator) AS min_indicator, Max(help_indicator) AS max_indicator
FROM smoking_quit_help
LIMIT 0, 1000
: Running...
[6, 13:41:52] SELECT MIN(help_indicator) AS min_indicator, Max(help_indicator) AS max_indicator
FROM smoking_quit_help
LIMIT 0, 1000
: Fetching...
[6, 13:41:52] SELECT MIN(help_indicator) AS min_indicator, Max(help_indicator) AS max_indicator
FROM smoking_quit_help
LIMIT 0, 1000
: 1 row(s) returned
[7, 13:42:10] ALTER TABLE smoking_quit_help
ADD Constraint help_indicator CHECK (help_indicator >=1 and help_indicator<=5): Running...
[7, 13:42:10] ALTER TABLE smoking_quit_help
ADD Constraint help_indicator CHECK (help_indicator >=1 and help_indicator<=5): 0 row(s) affected
Records: 0  Duplicates: 0  Warnings: 0
[8, 13:42:55] ALTER TABLE smoking_quit_help
ADD Constraint chk_help_indicator CHECK (help_indicator >=1 and help_indicator<=5): Running...
[8, 13:42:55] ALTER TABLE smoking_quit_help
ADD Constraint chk_help_indicator CHECK (help_indicator >=1 and help_indicator<=5): 0 row(s) affected
Records: 0  Duplicates: 0  Warnings: 0
[9, 13:44:28] ALTER TABLE smoking_quit_help
ADD CONSTRAINT help_indicator CHECK (help_indicator BETWEEN 1 AND 5): Running...
[9, 13:44:28] ALTER TABLE smoking_quit_help
ADD CONSTRAINT help_indicator CHECK (help_indicator BETWEEN 1 AND 5): 0 row(s) affected
Records: 0  Duplicates: 0  Warnings: 0
[10, 13:44:43] INSERT INTO smoking_quit_help(iso_code, year, help_indicator)
VALUES ('WWW', 2023, 120): Running...
[10, 13:44:43] INSERT INTO smoking_quit_help(iso_code, year, help_indicator)
VALUES ('WWW', 2023, 120): 1 row(s) affected
[11, 13:44:48] ALTER TABLE smoking_quit_help
ADD CONSTRAINT help_indicator CHECK (help_indicator BETWEEN 1 AND 5): Running...
[11, 13:44:48] ALTER TABLE smoking_quit_help
ADD CONSTRAINT help_indicator CHECK (help_indicator BETWEEN 1 AND 5): 0 row(s) affected
Records: 0  Duplicates: 0  Warnings: 0
[12, 13:46:12] SELECT * FROM information_schema.check_constraints WHERE table_name = 'smoking_quit_help'
LIMIT 0, 1000
: Running...
[12, 13:46:13] SELECT * FROM information_schema.check_constraints WHERE table_name = 'smoking_quit_help'
LIMIT 0, 1000
: Error Code: 1109. Unknown table 'CHECK_CONSTRAINTS' in information_schema
[13, 13:47:10] SELECT MIN(help_indicator) AS min_indicator, Max(help_indicator) AS max_indicator
FROM smoking_quit_help
LIMIT 0, 1000
: Running...
[13, 13:47:10] SELECT MIN(help_indicator) AS min_indicator, Max(help_indicator) AS max_indicator
FROM smoking_quit_help
LIMIT 0, 1000
: Fetching...
[13, 13:47:10] SELECT MIN(help_indicator) AS min_indicator, Max(help_indicator) AS max_indicator
FROM smoking_quit_help
LIMIT 0, 1000
: 1 row(s) returned
[14, 13:47:54] SELECT * FROM sies.smoking_quit_help
LIMIT 0, 1000
: Running...
[14, 13:47:54] SELECT * FROM sies.smoking_quit_help
LIMIT 0, 1000
: Fetching...
[14, 13:47:54] SELECT * FROM sies.smoking_quit_help
LIMIT 0, 1000
: 1000 row(s) returned
[15, 13:49:16] ALTER TABLE smoking_quit_help
ADD CONSTRAINT help_indicator CHECK (help_indicator BETWEEN 1 AND 5): Running...
[15, 13:49:16] ALTER TABLE smoking_quit_help
ADD CONSTRAINT help_indicator CHECK (help_indicator BETWEEN 1 AND 5): 0 row(s) affected
Records: 0  Duplicates: 0  Warnings: 0
[16, 13:49:46] DELETE FROM smoking_quit_help WHERE help_indicator = 120: Running...
[16, 13:49:46] DELETE FROM smoking_quit_help WHERE help_indicator = 120: Error Code: 1175. You are using safe update mode and you tried to update a table without a WHERE that uses a KEY column. 
To disable safe mode, toggle the option in Preferences -> SQL Editor and reconnect.
[17, 13:51:21] DELETE FROM smoking_quit_help WHERE help_indicator = 120: Running...
[17, 13:51:21] DELETE FROM smoking_quit_help WHERE help_indicator = 120: Error Code: 1175. You are using safe update mode and you tried to update a table without a WHERE that uses a KEY column. 
To disable safe mode, toggle the option in Preferences -> SQL Editor and reconnect.
[1, 13:51:52] SELECT MIN(help_indicator) AS min_indicator, Max(help_indicator) AS max_indicator
FROM smoking_quit_help
LIMIT 0, 1000
: Running...
[1, 13:51:52] SELECT MIN(help_indicator) AS min_indicator, Max(help_indicator) AS max_indicator
FROM smoking_quit_help
LIMIT 0, 1000
: Fetching...
[1, 13:51:52] SELECT MIN(help_indicator) AS min_indicator, Max(help_indicator) AS max_indicator
FROM smoking_quit_help
LIMIT 0, 1000
: 1 row(s) returned
[2, 13:52:00] ALTER TABLE smoking_quit_help
ADD CONSTRAINT help_indicator CHECK (help_indicator BETWEEN 1 AND 5): Running...
[2, 13:52:00] ALTER TABLE smoking_quit_help
ADD CONSTRAINT help_indicator CHECK (help_indicator BETWEEN 1 AND 5): 0 row(s) affected
Records: 0  Duplicates: 0  Warnings: 0
[3, 13:52:45] ALTER TABLE smoking_quit_help
ADD CONSTRAINT max_indicator CHECK (help_indicator BETWEEN 1 AND 5): Running...
[3, 13:52:45] ALTER TABLE smoking_quit_help
ADD CONSTRAINT max_indicator CHECK (help_indicator BETWEEN 1 AND 5): 0 row(s) affected
Records: 0  Duplicates: 0  Warnings: 0
[4, 13:53:03] ALTER TABLE smoking_quit_help
ADD CONSTRAINT min_indicator CHECK (help_indicator BETWEEN 1 AND 5): Running...
[4, 13:53:03] ALTER TABLE smoking_quit_help
ADD CONSTRAINT min_indicator CHECK (help_indicator BETWEEN 1 AND 5): 0 row(s) affected
Records: 0  Duplicates: 0  Warnings: 0
[5, 13:53:09] ALTER TABLE smoking_quit_help
ADD CONSTRAINT help_indicator CHECK (help_indicator BETWEEN 1 AND 5): Running...
[5, 13:53:09] ALTER TABLE smoking_quit_help
ADD CONSTRAINT help_indicator CHECK (help_indicator BETWEEN 1 AND 5): 0 row(s) affected
Records: 0  Duplicates: 0  Warnings: 0
[6, 13:53:15] DELETE FROM smoking_quit_help WHERE help_indicator = 120: Running...
[6, 13:53:15] DELETE FROM smoking_quit_help WHERE help_indicator = 120: 2 row(s) affected
[7, 13:54:12] SELECT * FROM information_schema.table_constraints
WHERE table_name = 'smoking_quit_help' AND constraint_name = 'help_indicator'
LIMIT 0, 1000
: Running...
[7, 13:54:12] SELECT * FROM information_schema.table_constraints
WHERE table_name = 'smoking_quit_help' AND constraint_name = 'help_indicator'
LIMIT 0, 1000
: Fetching...
[7, 13:54:12] SELECT * FROM information_schema.table_constraints
WHERE table_name = 'smoking_quit_help' AND constraint_name = 'help_indicator'
LIMIT 0, 1000
: 0 row(s) returned
[8, 13:54:17] INSERT INTO smoking_quit_help(iso_code, year, help_indicator)
VALUES ('WWW', 2023, 120): Running...
[8, 13:54:17] INSERT INTO smoking_quit_help(iso_code, year, help_indicator)
VALUES ('WWW', 2023, 120): 1 row(s) affected
[9, 13:54:21] SELECT * FROM information_schema.table_constraints
WHERE table_name = 'smoking_quit_help' AND constraint_name = 'help_indicator'
LIMIT 0, 1000
: Running...
[9, 13:54:21] SELECT * FROM information_schema.table_constraints
WHERE table_name = 'smoking_quit_help' AND constraint_name = 'help_indicator'
LIMIT 0, 1000
: Fetching...
[9, 13:54:21] SELECT * FROM information_schema.table_constraints
WHERE table_name = 'smoking_quit_help' AND constraint_name = 'help_indicator'
LIMIT 0, 1000
: 0 row(s) returned
[10, 13:54:35] DELETE FROM smoking_quit_help WHERE help_indicator = 120: Running...
[10, 13:54:35] DELETE FROM smoking_quit_help WHERE help_indicator = 120: 1 row(s) affected
[11, 13:58:42] CREATE TRIGGER trigger_before
Before insert on smoking_quit_help
for each row
Begin

	IF new.help_indicator < 1 THEN
		SET new.help_indicator=1;
	ELSEIF new.help_indicator >5 THEN
		Set new.help_indicator =5;
	end if;
END;: Running...
[11, 13:58:42] CREATE TRIGGER trigger_before
Before insert on smoking_quit_help
for each row
Begin

	IF new.help_indicator < 1 THEN
		SET new.help_indicator=1;
	ELSEIF new.help_indicator >5 THEN
		Set new.help_indicator =5;
	end if;
END;: 0 row(s) affected
[12, 13:58:42] CREATE TRIGGER trigger_after
Before update on smoking_quit_help
for each row
Begin

	IF new.help_indicator < 1 THEN
		SET new.help_indicator=1;
	ELSEIF new.help_indicator >5 THEN
		Set new.help_indicator =5;
	end if;
END;: Running...
[12, 13:58:42] CREATE TRIGGER trigger_after
Before update on smoking_quit_help
for each row
Begin

	IF new.help_indicator < 1 THEN
		SET new.help_indicator=1;
	ELSEIF new.help_indicator >5 THEN
		Set new.help_indicator =5;
	end if;
END;: 0 row(s) affected
[13, 13:59:08] INSERT INTO smoking_quit_help(iso_code, year, help_indicator)
VALUES ('WWW', 2023, 120): Running...
[13, 13:59:08] INSERT INTO smoking_quit_help(iso_code, year, help_indicator)
VALUES ('WWW', 2023, 120): 1 row(s) affected
[14, 13:59:11] CREATE TRIGGER trigger_before
Before insert on smoking_quit_help
for each row
Begin

	IF new.help_indicator < 1 THEN
		SET new.help_indicator=1;
	ELSEIF new.help_indicator >5 THEN
		Set new.help_indicator =5;
	end if;
END;: Running...
[14, 13:59:11] CREATE TRIGGER trigger_before
Before insert on smoking_quit_help
for each row
Begin

	IF new.help_indicator < 1 THEN
		SET new.help_indicator=1;
	ELSEIF new.help_indicator >5 THEN
		Set new.help_indicator =5;
	end if;
END;: Error Code: 1359. Trigger already exists
[15, 13:59:23] ALTER TABLE smoking_quit_help
ADD CONSTRAINT help_indicator CHECK (help_indicator BETWEEN 1 AND 5): Running...
[15, 13:59:23] ALTER TABLE smoking_quit_help
ADD CONSTRAINT help_indicator CHECK (help_indicator BETWEEN 1 AND 5): 0 row(s) affected
Records: 0  Duplicates: 0  Warnings: 0
[16, 13:59:23] CREATE TRIGGER trigger_before
Before insert on smoking_quit_help
for each row
Begin

	IF new.help_indicator < 1 THEN
		SET new.help_indicator=1;
	ELSEIF new.help_indicator >5 THEN
		Set new.help_indicator =5;
	end if;
END;: Running...
[16, 13:59:23] CREATE TRIGGER trigger_before
Before insert on smoking_quit_help
for each row
Begin

	IF new.help_indicator < 1 THEN
		SET new.help_indicator=1;
	ELSEIF new.help_indicator >5 THEN
		Set new.help_indicator =5;
	end if;
END;: Error Code: 1359. Trigger already exists
[17, 13:59:33] INSERT INTO smoking_quit_help(iso_code, year, help_indicator)
VALUES ('ABC', 2023, 120): Running...
[17, 13:59:33] INSERT INTO smoking_quit_help(iso_code, year, help_indicator)
VALUES ('ABC', 2023, 120): 1 row(s) affected
[18, 13:59:39] SELECT MIN(help_indicator) AS min_indicator, Max(help_indicator) AS max_indicator
FROM smoking_quit_help
LIMIT 0, 1000
: Running...
[18, 13:59:39] SELECT MIN(help_indicator) AS min_indicator, Max(help_indicator) AS max_indicator
FROM smoking_quit_help
LIMIT 0, 1000
: Fetching...
[18, 13:59:39] SELECT MIN(help_indicator) AS min_indicator, Max(help_indicator) AS max_indicator
FROM smoking_quit_help
LIMIT 0, 1000
: 1 row(s) returned
[19, 14:00:14] DELETE FROM smoking_quit_help(iso_code)
VALUES ('ABC'): Running...
[19, 14:00:14] DELETE FROM smoking_quit_help(iso_code)
VALUES ('ABC'): Error Code: 1064. You have an error in your SQL syntax; check the manual that corresponds to your MySQL server version for the right syntax to use near '(iso_code)
VALUES ('ABC')' at line 1
[20, 14:00:33] DELETE FROM smoking_quit_help
WHERE iso_code = 'ABC': Running...
[20, 14:00:33] DELETE FROM smoking_quit_help
WHERE iso_code = 'ABC': 1 row(s) affected


-- STORED PROCEDURE

[29, 14:11:15] CREATE PROCEDURE Avg_Help_Indicator(IN param_iso_code VARCHAR (5))
BEGIN
	SELECT
     h.iso_code,
     AVG(q.help_indicator) AS AverageHelpIndicator
	FROM
		countries h
        Join
        smoking_quit_help q ON q.iso_code=h.iso_code
	WHERE
		h.iso_code=param_iso_code
	Group BY
		h.iso_code, h.country_name;
END: Running...
[29, 14:11:15] CREATE PROCEDURE Avg_Help_Indicator(IN param_iso_code VARCHAR (5))
BEGIN
	SELECT
     h.iso_code,
     AVG(q.help_indicator) AS AverageHelpIndicator
	FROM
		countries h
        Join
        smoking_quit_help q ON q.iso_code=h.iso_code
	WHERE
		h.iso_code=param_iso_code
	Group BY
		h.iso_code, h.country_name;
END: 0 row(s) affected
[30, 14:11:18] Call Avg_Help_Indicator('TUR'): Running...
[30, 14:11:18] Call Avg_Help_Indicator('TUR'): Fetching...
[30, 14:11:18] Call Avg_Help_Indicator('TUR'): 1 row(s) returned
